0 info it worked if it ends with ok
1 verbose cli [ '/usr/bin/nodejs', '/usr/bin/npm', 'run', 'build' ]
2 info using npm@3.10.10
3 info using node@v6.10.2
4 verbose run-script [ 'prebuild', 'build', 'postbuild' ]
5 info lifecycle habitica-extension@1.0.0~prebuild: habitica-extension@1.0.0
6 silly lifecycle habitica-extension@1.0.0~prebuild: no script for prebuild, continuing
7 info lifecycle habitica-extension@1.0.0~build: habitica-extension@1.0.0
8 verbose lifecycle habitica-extension@1.0.0~build: unsafe-perm in lifecycle true
9 verbose lifecycle habitica-extension@1.0.0~build: PATH: /usr/lib/node_modules/npm/bin/node-gyp-bin:/mnt/f/repos/habitica-extension/node_modules/.bin:/usr/local/sbin:/usr/local/bin:/usr/sbin:/usr/bin:/sbin:/bin:/usr/games:/usr/local/games:/mnt/c/ProgramData/Oracle/Java/javapath_target_9383250:/mnt/c/Windows/System32:/mnt/c/Windows:/mnt/c/Windows/System32/wbem:/mnt/c/Windows/System32/WindowsPowerShell/v1.0:/mnt/c/Program Files (x86)/NVIDIA Corporation/PhysX/Common:/mnt/c/Program Files (x86)/GtkSharp/2.12/bin:/mnt/c/Program Files/OpenVPN/bin:/mnt/c/Program Files (x86)/Windows Kits/10/Windows Performance Toolkit:/mnt/c/Program Files/Git/cmd:/mnt/c/Program Files/nodejs:/mnt/c/Windows/System32:/mnt/c/Windows:/mnt/c/Windows/System32/wbem:/mnt/c/Windows/System32/WindowsPowerShell/v1.0:/mnt/c/Users/Samuel/AppData/Local/Programs/Python/Launcher:/mnt/c/Users/Samuel/AppData/Local/Microsoft/WindowsApps:/mnt/c/Users/Samuel/AppData/Local/atom/bin:/mnt/c/Users/Samuel/AppData/Roaming/npm
10 verbose lifecycle habitica-extension@1.0.0~build: CWD: /mnt/f/repos/habitica-extension
11 silly lifecycle habitica-extension@1.0.0~build: Args: [ '-c',
11 silly lifecycle   'npm run lint-js && npm run compile-js && npm run compile-css && npm run compile-html && npm run minify-js' ]
12 silly lifecycle habitica-extension@1.0.0~build: Returned: code: 1  signal: null
13 info lifecycle habitica-extension@1.0.0~build: Failed to exec build script
14 verbose stack Error: habitica-extension@1.0.0 build: `npm run lint-js && npm run compile-js && npm run compile-css && npm run compile-html && npm run minify-js`
14 verbose stack Exit status 1
14 verbose stack     at EventEmitter.<anonymous> (/usr/lib/node_modules/npm/lib/utils/lifecycle.js:255:16)
14 verbose stack     at emitTwo (events.js:106:13)
14 verbose stack     at EventEmitter.emit (events.js:191:7)
14 verbose stack     at ChildProcess.<anonymous> (/usr/lib/node_modules/npm/lib/utils/spawn.js:40:14)
14 verbose stack     at emitTwo (events.js:106:13)
14 verbose stack     at ChildProcess.emit (events.js:191:7)
14 verbose stack     at maybeClose (internal/child_process.js:886:16)
14 verbose stack     at Process.ChildProcess._handle.onexit (internal/child_process.js:226:5)
15 verbose pkgid habitica-extension@1.0.0
16 verbose cwd /mnt/f/repos/habitica-extension
17 error Linux 4.4.0-43-Microsoft
18 error argv "/usr/bin/nodejs" "/usr/bin/npm" "run" "build"
19 error node v6.10.2
20 error npm  v3.10.10
21 error code ELIFECYCLE
22 error habitica-extension@1.0.0 build: `npm run lint-js && npm run compile-js && npm run compile-css && npm run compile-html && npm run minify-js`
22 error Exit status 1
23 error Failed at the habitica-extension@1.0.0 build script 'npm run lint-js && npm run compile-js && npm run compile-css && npm run compile-html && npm run minify-js'.
23 error Make sure you have the latest version of node.js and npm installed.
23 error If you do, this is most likely a problem with the habitica-extension package,
23 error not with npm itself.
23 error Tell the author that this fails on your system:
23 error     npm run lint-js && npm run compile-js && npm run compile-css && npm run compile-html && npm run minify-js
23 error You can get information on how to open an issue for this project with:
23 error     npm bugs habitica-extension
23 error Or if that isn't available, you can get their info via:
23 error     npm owner ls habitica-extension
23 error There is likely additional logging output above.
24 verbose exit [ 1, true ]
